2025-10-03 23:58:34,415 INFO:ClipboardPoller initialized.
2025-10-03 23:58:34,415 INFO:Starting clipboard poller...
2025-10-03 23:58:34,416 INFO:Clipboard polling thread started.
2025-10-03 23:58:34,418 INFO:New clipboard item detected. Category: code, Content Preview: 'def get_app_data_path():\r\n    '
2025-10-03 23:58:34,427 INFO:Clip successfully saved to database.
2025-10-03 23:58:37,853 INFO:Stopping clipboard poller...
2025-10-03 23:58:38,430 INFO:Clipboard polling thread stopped.
2025-10-03 23:58:38,430 INFO:Clipboard poller stopped.
2025-10-04 00:09:14,491 INFO:ClipboardPoller initialized.
2025-10-04 00:09:14,491 INFO:Starting clipboard poller...
2025-10-04 00:09:14,492 INFO:Clipboard polling thread started.
2025-10-04 00:09:14,493 INFO:New clipboard item detected. Category: text, Content Preview: 'D:\\clipboard'
2025-10-04 00:09:14,497 INFO:Clip successfully saved to database.
2025-10-04 00:09:23,506 INFO:New clipboard item detected. Category: text, Content Preview: 'Running task as the logged-in '
2025-10-04 00:09:23,516 INFO:Clip successfully saved to database.
2025-10-04 09:05:17,687 INFO:ClipboardPoller initialized.
2025-10-04 09:05:17,703 INFO:Starting clipboard poller...
2025-10-04 09:05:17,703 INFO:Clipboard polling thread started.
2025-10-04 09:05:17,703 ERROR:Error reading clipboard: Specified clipboard format is not available
2025-10-04 09:05:18,706 ERROR:Error reading clipboard: Specified clipboard format is not available
2025-10-04 09:05:19,708 ERROR:Error reading clipboard: Specified clipboard format is not available
2025-10-04 09:05:20,722 ERROR:Error reading clipboard: Specified clipboard format is not available
2025-10-04 09:05:21,759 ERROR:Error reading clipboard: Specified clipboard format is not available
2025-10-04 09:05:22,777 ERROR:Error reading clipboard: Specified clipboard format is not available
2025-10-04 09:05:23,779 ERROR:Error reading clipboard: Specified clipboard format is not available
2025-10-04 09:05:24,779 ERROR:Error reading clipboard: Specified clipboard format is not available
2025-10-04 09:05:25,786 ERROR:Error reading clipboard: Specified clipboard format is not available
2025-10-04 09:05:26,814 ERROR:Error reading clipboard: Specified clipboard format is not available
2025-10-04 09:05:27,815 ERROR:Error reading clipboard: Specified clipboard format is not available
2025-10-04 09:05:28,820 ERROR:Error reading clipboard: Specified clipboard format is not available
2025-10-04 09:05:29,821 ERROR:Error reading clipboard: Specified clipboard format is not available
2025-10-04 09:05:30,847 ERROR:Error reading clipboard: Specified clipboard format is not available
2025-10-04 09:05:31,848 ERROR:Error reading clipboard: Specified clipboard format is not available
2025-10-04 09:05:32,849 ERROR:Error reading clipboard: Specified clipboard format is not available
2025-10-04 09:05:33,852 ERROR:Error reading clipboard: Specified clipboard format is not available
2025-10-04 09:05:34,853 ERROR:Error reading clipboard: Specified clipboard format is not available
2025-10-04 09:05:35,854 ERROR:Error reading clipboard: Specified clipboard format is not available
2025-10-04 09:05:36,855 ERROR:Error reading clipboard: Specified clipboard format is not available
2025-10-04 09:05:37,862 ERROR:Error reading clipboard: Specified clipboard format is not available
2025-10-04 09:05:38,862 ERROR:Error reading clipboard: Specified clipboard format is not available
2025-10-04 09:05:39,863 ERROR:Error reading clipboard: Specified clipboard format is not available
2025-10-04 09:05:40,864 ERROR:Error reading clipboard: Specified clipboard format is not available
2025-10-04 09:05:41,865 ERROR:Error reading clipboard: Specified clipboard format is not available
2025-10-04 09:05:42,865 ERROR:Error reading clipboard: Specified clipboard format is not available
2025-10-04 09:05:43,866 ERROR:Error reading clipboard: Specified clipboard format is not available
2025-10-04 09:05:44,867 ERROR:Error reading clipboard: Specified clipboard format is not available
2025-10-04 09:05:45,867 ERROR:Error reading clipboard: Specified clipboard format is not available
2025-10-04 09:05:46,868 ERROR:Error reading clipboard: Specified clipboard format is not available
2025-10-04 09:05:47,869 ERROR:Error reading clipboard: Specified clipboard format is not available
2025-10-04 09:05:48,876 ERROR:Error reading clipboard: Specified clipboard format is not available
2025-10-04 09:05:49,877 ERROR:Error reading clipboard: Specified clipboard format is not available
2025-10-04 09:05:50,878 ERROR:Error reading clipboard: Specified clipboard format is not available
2025-10-04 09:05:51,879 ERROR:Error reading clipboard: Specified clipboard format is not available
2025-10-04 09:05:52,886 ERROR:Error reading clipboard: Specified clipboard format is not available
2025-10-04 09:05:53,889 ERROR:Error reading clipboard: Specified clipboard format is not available
2025-10-04 09:05:54,890 ERROR:Error reading clipboard: Specified clipboard format is not available
2025-10-04 09:05:55,890 ERROR:Error reading clipboard: Specified clipboard format is not available
2025-10-04 09:05:56,891 ERROR:Error reading clipboard: Specified clipboard format is not available
2025-10-04 09:05:57,892 ERROR:Error reading clipboard: Specified clipboard format is not available
2025-10-04 09:05:58,893 ERROR:Error reading clipboard: Specified clipboard format is not available
2025-10-04 09:05:59,894 ERROR:Error reading clipboard: Specified clipboard format is not available
2025-10-04 09:06:00,895 ERROR:Error reading clipboard: Specified clipboard format is not available
2025-10-04 09:06:01,896 ERROR:Error reading clipboard: Specified clipboard format is not available
2025-10-04 09:06:02,897 ERROR:Error reading clipboard: Specified clipboard format is not available
2025-10-04 09:06:03,897 ERROR:Error reading clipboard: Specified clipboard format is not available
2025-10-04 09:06:04,898 ERROR:Error reading clipboard: Specified clipboard format is not available
2025-10-04 09:06:05,899 ERROR:Error reading clipboard: Specified clipboard format is not available
2025-10-04 09:06:06,899 ERROR:Error reading clipboard: Specified clipboard format is not available
2025-10-04 09:06:07,900 ERROR:Error reading clipboard: Specified clipboard format is not available
2025-10-04 09:06:08,901 ERROR:Error reading clipboard: Specified clipboard format is not available
2025-10-04 09:06:09,901 ERROR:Error reading clipboard: Specified clipboard format is not available
2025-10-04 09:06:10,901 ERROR:Error reading clipboard: Specified clipboard format is not available
2025-10-04 09:06:11,902 ERROR:Error reading clipboard: Specified clipboard format is not available
2025-10-04 09:06:12,903 ERROR:Error reading clipboard: Specified clipboard format is not available
2025-10-04 09:06:13,904 ERROR:Error reading clipboard: Specified clipboard format is not available
2025-10-04 09:06:14,904 ERROR:Error reading clipboard: Specified clipboard format is not available
2025-10-04 09:06:15,905 ERROR:Error reading clipboard: Specified clipboard format is not available
2025-10-04 09:06:16,905 ERROR:Error reading clipboard: Specified clipboard format is not available
2025-10-04 09:06:17,905 ERROR:Error reading clipboard: Specified clipboard format is not available
2025-10-04 09:06:18,906 ERROR:Error reading clipboard: Specified clipboard format is not available
2025-10-04 09:06:19,907 ERROR:Error reading clipboard: Specified clipboard format is not available
2025-10-04 09:06:20,908 ERROR:Error reading clipboard: Specified clipboard format is not available
2025-10-04 09:06:21,909 ERROR:Error reading clipboard: Specified clipboard format is not available
2025-10-04 09:06:22,909 ERROR:Error reading clipboard: Specified clipboard format is not available
2025-10-04 09:06:23,910 ERROR:Error reading clipboard: Specified clipboard format is not available
2025-10-04 09:06:24,913 ERROR:Error reading clipboard: Specified clipboard format is not available
2025-10-04 09:06:25,914 ERROR:Error reading clipboard: Specified clipboard format is not available
2025-10-04 09:06:26,915 ERROR:Error reading clipboard: Specified clipboard format is not available
2025-10-04 09:06:27,920 ERROR:Error reading clipboard: Specified clipboard format is not available
2025-10-04 09:06:28,921 ERROR:Error reading clipboard: Specified clipboard format is not available
2025-10-04 09:06:29,921 ERROR:Error reading clipboard: Specified clipboard format is not available
2025-10-04 09:06:30,922 ERROR:Error reading clipboard: Specified clipboard format is not available
2025-10-04 09:06:31,923 ERROR:Error reading clipboard: Specified clipboard format is not available
2025-10-04 09:06:32,923 ERROR:Error reading clipboard: Specified clipboard format is not available
2025-10-04 09:06:33,929 ERROR:Error reading clipboard: Specified clipboard format is not available
2025-10-04 09:06:34,930 ERROR:Error reading clipboard: Specified clipboard format is not available
2025-10-04 09:06:35,932 ERROR:Error reading clipboard: Specified clipboard format is not available
2025-10-04 09:06:36,934 ERROR:Error reading clipboard: Specified clipboard format is not available
2025-10-04 09:06:37,934 ERROR:Error reading clipboard: Specified clipboard format is not available
2025-10-04 09:06:38,935 ERROR:Error reading clipboard: Specified clipboard format is not available
2025-10-04 09:06:39,935 ERROR:Error reading clipboard: Specified clipboard format is not available
2025-10-04 09:06:40,936 ERROR:Error reading clipboard: Specified clipboard format is not available
2025-10-04 09:06:41,937 ERROR:Error reading clipboard: Specified clipboard format is not available
2025-10-04 09:06:42,938 ERROR:Error reading clipboard: Specified clipboard format is not available
2025-10-04 09:06:43,938 ERROR:Error reading clipboard: Specified clipboard format is not available
2025-10-04 09:06:44,939 ERROR:Error reading clipboard: Specified clipboard format is not available
2025-10-04 09:06:45,939 ERROR:Error reading clipboard: Specified clipboard format is not available
2025-10-04 09:06:46,940 ERROR:Error reading clipboard: Specified clipboard format is not available
2025-10-04 09:06:47,941 ERROR:Error reading clipboard: Specified clipboard format is not available
2025-10-04 09:06:48,942 ERROR:Error reading clipboard: Specified clipboard format is not available
2025-10-04 09:06:49,949 ERROR:Error reading clipboard: Specified clipboard format is not available
2025-10-04 09:06:50,950 ERROR:Error reading clipboard: Specified clipboard format is not available
2025-10-04 09:06:51,951 ERROR:Error reading clipboard: Specified clipboard format is not available
2025-10-04 09:06:52,952 ERROR:Error reading clipboard: Specified clipboard format is not available
2025-10-04 09:06:53,953 ERROR:Error reading clipboard: Specified clipboard format is not available
2025-10-04 09:06:54,954 ERROR:Error reading clipboard: Specified clipboard format is not available
2025-10-04 09:06:55,955 ERROR:Error reading clipboard: Specified clipboard format is not available
2025-10-04 09:06:56,955 ERROR:Error reading clipboard: Specified clipboard format is not available
2025-10-04 09:06:57,956 ERROR:Error reading clipboard: Specified clipboard format is not available
2025-10-04 09:06:58,956 ERROR:Error reading clipboard: Specified clipboard format is not available
2025-10-04 09:06:59,959 ERROR:Error reading clipboard: Specified clipboard format is not available
2025-10-04 09:07:00,965 ERROR:Error reading clipboard: Specified clipboard format is not available
2025-10-04 09:07:01,966 ERROR:Error reading clipboard: Specified clipboard format is not available
2025-10-04 09:07:02,966 ERROR:Error reading clipboard: Specified clipboard format is not available
2025-10-04 09:07:03,967 ERROR:Error reading clipboard: Specified clipboard format is not available
2025-10-04 09:07:04,968 ERROR:Error reading clipboard: Specified clipboard format is not available
2025-10-04 09:07:05,968 ERROR:Error reading clipboard: Specified clipboard format is not available
2025-10-04 09:07:06,969 ERROR:Error reading clipboard: Specified clipboard format is not available
2025-10-04 09:07:07,969 ERROR:Error reading clipboard: Specified clipboard format is not available
2025-10-04 09:07:08,976 ERROR:Error reading clipboard: Specified clipboard format is not available
2025-10-04 09:07:09,977 ERROR:Error reading clipboard: Specified clipboard format is not available
2025-10-04 09:07:10,977 ERROR:Error reading clipboard: Specified clipboard format is not available
2025-10-04 09:07:11,978 ERROR:Error reading clipboard: Specified clipboard format is not available
2025-10-04 09:07:12,979 ERROR:Error reading clipboard: Specified clipboard format is not available
2025-10-04 09:07:13,979 ERROR:Error reading clipboard: Specified clipboard format is not available
2025-10-04 09:07:14,980 ERROR:Error reading clipboard: Specified clipboard format is not available
2025-10-04 09:07:16,138 ERROR:Error reading clipboard: Specified clipboard format is not available
2025-10-04 09:07:17,147 ERROR:Error reading clipboard: Specified clipboard format is not available
2025-10-04 09:07:18,148 ERROR:Error reading clipboard: Specified clipboard format is not available
2025-10-04 09:07:19,150 ERROR:Error reading clipboard: Specified clipboard format is not available
2025-10-04 09:07:20,150 ERROR:Error reading clipboard: Specified clipboard format is not available
2025-10-04 09:07:21,151 ERROR:Error reading clipboard: Specified clipboard format is not available
2025-10-04 09:07:22,152 ERROR:Error reading clipboard: Specified clipboard format is not available
2025-10-04 09:07:23,152 ERROR:Error reading clipboard: Specified clipboard format is not available
2025-10-04 09:07:24,155 ERROR:Error reading clipboard: Specified clipboard format is not available
2025-10-04 09:07:25,158 ERROR:Error reading clipboard: Specified clipboard format is not available
